# JRE version: OpenJDK Runtime Environment (24.0+36) (build 24+36-3646)
# Java VM: OpenJDK 64-Bit Server VM (24+36-3646, mixed mode, sharing, tiered, compressed oops, compressed class ptrs, g1 gc, windows-amd64)
GC Precious Log:
 CardTable entry size: 512
 Card Set container configuration: InlinePtr #cards 4 size 8 Array Of Cards #cards 16 size 48 Howl #buckets 8 coarsen threshold 3686 Howl Bitmap #cards 512 size 80 coarsen threshold 460 Card regions per heap region 1 cards per card region 4096
 CPUs: 12 total, 12 available
 Memory: 16057M
 Large Page Support: Disabled
 NUMA Support: Disabled
 Compressed Oops: Enabled (Zero based)
 Heap Region Size: 2M
 Heap Min Capacity: 8M
 Heap Initial Capacity: 252M
 Heap Max Capacity: 4016M
 Pre-touch: Disabled
 Parallel Workers: 10
 Concurrent Workers: 3
 Concurrent Refinement Workers: 10
 Periodic GC: Disabled
Heap:
 garbage-first heap   total reserved 4112384K, committed 260096K, used 125901K [0x0000000705000000, 0x0000000800000000)
  region size 2048K, 62 young (126976K), 3 survivors (6144K)
 Metaspace       used 14336K, committed 14656K, reserved 1114112K
  class space    used 1514K, committed 1664K, reserved 1048576K
GC Heap History (10 events):
Event: 1.270 GC heap before
{Heap before GC invocations=0 (full 0):
 garbage-first heap   total reserved 4112384K, committed 260096K, used 48240K [0x0000000705000000, 0x0000000800000000)
  region size 2048K, 24 young (49152K), 0 survivors (0K)
 Metaspace       used 10467K, committed 10752K, reserved 1114112K
  class space    used 1057K, committed 1152K, reserved 1048576K
}
Event: 1.277 GC heap after
{Heap after GC invocations=1 (full 0):
 garbage-first heap   total reserved 4112384K, committed 260096K, used 5232K [0x0000000705000000, 0x0000000800000000)
  region size 2048K, 2 young (4096K), 2 survivors (4096K)
 Metaspace       used 10467K, committed 10752K, reserved 1114112K
  class space    used 1057K, committed 1152K, reserved 1048576K
}
Event: 2.960 GC heap before
{Heap before GC invocations=1 (full 0):
 garbage-first heap   total reserved 4112384K, committed 260096K, used 117872K [0x0000000705000000, 0x0000000800000000)
  region size 2048K, 57 young (116736K), 2 survivors (4096K)
 Metaspace       used 12719K, committed 12992K, reserved 1114112K
  class space    used 1346K, committed 1472K, reserved 1048576K
}
Event: 2.966 GC heap after
{Heap after GC invocations=2 (full 0):
 garbage-first heap   total reserved 4112384K, committed 260096K, used 6007K [0x0000000705000000, 0x0000000800000000)
  region size 2048K, 3 young (6144K), 3 survivors (6144K)
 Metaspace       used 12719K, committed 12992K, reserved 1114112K
  class space    used 1346K, committed 1472K, reserved 1048576K
}
Event: 4.767 GC heap before
{Heap before GC invocations=2 (full 0):
 garbage-first heap   total reserved 4112384K, committed 260096K, used 135031K [0x0000000705000000, 0x0000000800000000)
  region size 2048K, 66 young (135168K), 3 survivors (6144K)
 Metaspace       used 12779K, committed 13056K, reserved 1114112K
  class space    used 1346K, committed 1472K, reserved 1048576K
}
Event: 4.772 GC heap after
{Heap after GC invocations=3 (full 0):
 garbage-first heap   total reserved 4112384K, committed 260096K, used 6326K [0x0000000705000000, 0x0000000800000000)
  region size 2048K, 3 young (6144K), 3 survivors (6144K)
 Metaspace       used 12779K, committed 13056K, reserved 1114112K
  class space    used 1346K, committed 1472K, reserved 1048576K
}
Event: 6.131 GC heap before
{Heap before GC invocations=3 (full 0):
 garbage-first heap   total reserved 4112384K, committed 260096K, used 151734K [0x0000000705000000, 0x0000000800000000)
  region size 2048K, 74 young (151552K), 3 survivors (6144K)
 Metaspace       used 12810K, committed 13056K, reserved 1114112K
  class space    used 1346K, committed 1472K, reserved 1048576K
}
Event: 6.135 GC heap after
{Heap after GC invocations=4 (full 0):
 garbage-first heap   total reserved 4112384K, committed 260096K, used 6528K [0x0000000705000000, 0x0000000800000000)
  region size 2048K, 3 young (6144K), 3 survivors (6144K)
 Metaspace       used 12810K, committed 13056K, reserved 1114112K
  class space    used 1346K, committed 1472K, reserved 1048576K
}
Event: 7.399 GC heap before
{Heap before GC invocations=4 (full 0):
 garbage-first heap   total reserved 4112384K, committed 260096K, used 153984K [0x0000000705000000, 0x0000000800000000)
  region size 2048K, 75 young (153600K), 3 survivors (6144K)
 Metaspace       used 12887K, committed 13120K, reserved 1114112K
  class space    used 1355K, committed 1472K, reserved 1048576K
}
Event: 7.404 GC heap after
{Heap after GC invocations=5 (full 0):
 garbage-first heap   total reserved 4112384K, committed 260096K, used 7117K [0x0000000705000000, 0x0000000800000000)
  region size 2048K, 3 young (6144K), 3 survivors (6144K)
 Metaspace       used 12887K, committed 13120K, reserved 1114112K
  class space    used 1355K, committed 1472K, reserved 1048576K
}

